

> web@0.1.0 build
> next build

[1G[0K   [1m[38;2;173;127;168m▲ Next.js 15.0.3[39m[22m
   - Environments: .env

 [37m[1m [22m[39m Creating an optimized production build ...
 ⚠ Compiled with warnings

./components/chat/chat-box.tsx
Attempted import error: 'bad-words' does not contain a default export (imported as 'Filter').

Import trace for requested module:
./components/chat/chat-box.tsx

 ⚠ Compiled with warnings

./components/chat/chat-box.tsx
Attempted import error: 'bad-words' does not contain a default export (imported as 'Filter').

Import trace for requested module:
./components/chat/chat-box.tsx

 [32m[1m✓[22m[39m Compiled successfully
 [37m[1m [22m[39m Skipping validation of types
 [37m[1m [22m[39m Skipping linting
[?25l [37m[1m [22m[39m Collecting page data  [36m.[39m[2K[1G [37m[1m [22m[39m Collecting page data  [36m..[39m[2K[1G [37m[1m [22m[39m Collecting page data  [36m...[39m[2K[1G [37m[1m [22m[39m Collecting page data  [36m.[39m[2K[1G [37m[1m [22m[39m Collecting page data  [36m..[39m[2K[1G[?25h [37m[1m [22m[39m Collecting page data     [32m[1m✓[22m[39m Collecting page data 
[?25l [37m[1m [22m[39m Generating static pages (0/17)  [36m[    ][39m[2K[1G [37m[1m [22m[39m Generating static pages (0/17)  [36m[=   ][39m[2K[1G[?25hError occurred prerendering page "/chat". Read more: https://nextjs.org/docs/messages/prerender-error
TypeError: a.default is not a constructor
    at p (/Users/funsojoba/Documents/Pie-Radio-Website/apps/web/.next/server/app/chat/page.js:1:2618)
    at n$ (/Users/funsojoba/Documents/Pie-Radio-Website/apps/web/node_modules/next/dist/compiled/next-server/app-page.runtime.prod.js:20:45906)
    at nI (/Users/funsojoba/Documents/Pie-Radio-Website/apps/web/node_modules/next/dist/compiled/next-server/app-page.runtime.prod.js:20:47681)
    at nI (/Users/funsojoba/Documents/Pie-Radio-Website/apps/web/node_modules/next/dist/compiled/next-server/app-page.runtime.prod.js:20:62462)
    at nL (/Users/funsojoba/Documents/Pie-Radio-Website/apps/web/node_modules/next/dist/compiled/next-server/app-page.runtime.prod.js:20:65480)
    at nN (/Users/funsojoba/Documents/Pie-Radio-Website/apps/web/node_modules/next/dist/compiled/next-server/app-page.runtime.prod.js:20:63111)
    at nB (/Users/funsojoba/Documents/Pie-Radio-Website/apps/web/node_modules/next/dist/compiled/next-server/app-page.runtime.prod.js:20:68893)
    at nD (/Users/funsojoba/Documents/Pie-Radio-Website/apps/web/node_modules/next/dist/compiled/next-server/app-page.runtime.prod.js:20:67594)
    at nL (/Users/funsojoba/Documents/Pie-Radio-Website/apps/web/node_modules/next/dist/compiled/next-server/app-page.runtime.prod.js:20:65747)
    at nN (/Users/funsojoba/Documents/Pie-Radio-Website/apps/web/node_modules/next/dist/compiled/next-server/app-page.runtime.prod.js:20:63111)
Export encountered an error on /chat/page: /chat, exiting the build.
 [31m[1m⨯[22m[39m Static worker exited with code: 1 and signal: null
[?25h[1G[0K⠙[1G[0K[1mnpm[22m [31merror[39m Lifecycle script `build` failed with error:
[1G[0K⠙[1G[0K[1mnpm[22m [31merror[39m [94mcode[39m [33m1[39m
[1G[0K⠙[1G[0K[1mnpm[22m [31merror[39m [94mpath[39m /Users/funsojoba/Documents/Pie-Radio-Website/apps/web
[1G[0K⠙[1G[0K[1mnpm[22m [31merror[39m [94mworkspace[39m web@0.1.0
[1G[0K⠙[1G[0K[1mnpm[22m [31merror[39m [94mlocation[39m /Users/funsojoba/Documents/Pie-Radio-Website/apps/web
[1G[0K⠙[1G[0K[1mnpm[22m [31merror[39m command failed
[1G[0K⠙[1G[0K[1mnpm[22m [31merror[39m [94mcommand[39m sh -c next build
[1G[0K⠙[1G[0K
